<?xml version="1.0" encoding="UTF-8"?>
<testng-results skipped="0" failed="0" ignored="0" total="1" passed="1">
  <reporter-output>
  </reporter-output>
  <suite name="Default suite" duration-ms="1061" started-at="2018-02-18T19:06:06Z" finished-at="2018-02-18T19:06:07Z">
    <groups>
    </groups>
    <test name="Default test" duration-ms="1061" started-at="2018-02-18T19:06:06Z" finished-at="2018-02-18T19:06:07Z">
      <class name="tests.ExtendReport">
        <test-method status="PASS" signature="f()[pri:0, instance:tests.ExtendReport@be92ad]" name="f" duration-ms="1024" started-at="2018-02-19T00:36:06Z" finished-at="2018-02-19T00:36:07Z">
          <reporter-output>
          </reporter-output>
        </test-method> <!-- f -->
      </class> <!-- tests.ExtendReport -->
    </test> <!-- Default test -->
  </suite> <!-- Default suite -->
</testng-results>
